{"type":"server-started","port":60869,"host":"127.0.0.1","url_host":"localhost","url":"http://localhost:60869","screen_dir":"/Users/hajaejun/Desktop/export-marketing/.superpowers/brainstorm/8529-1775996847/content","state_dir":"/Users/hajaejun/Desktop/export-marketing/.superpowers/brainstorm/8529-1775996847/state"}
{"type":"screen-added","file":"/Users/hajaejun/Desktop/export-marketing/.superpowers/brainstorm/8529-1775996847/content/design-overview.html"}
{"type":"screen-added","file":"/Users/hajaejun/Desktop/export-marketing/.superpowers/brainstorm/8529-1775996847/content/design-overview-v2.html"}
{"type":"screen-added","file":"/Users/hajaejun/Desktop/export-marketing/.superpowers/brainstorm/8529-1775996847/content/design-overview-v3.html"}
{"type":"screen-added","file":"/Users/hajaejun/Desktop/export-marketing/.superpowers/brainstorm/8529-1775996847/content/design-overview-v4.html"}
{"type":"screen-added","file":"/Users/hajaejun/Desktop/export-marketing/.superpowers/brainstorm/8529-1775996847/content/dashboard-daily-view.html"}
{"type":"screen-added","file":"/Users/hajaejun/Desktop/export-marketing/.superpowers/brainstorm/8529-1775996847/content/design-overview-v5.html"}
{"type":"screen-added","file":"/Users/hajaejun/Desktop/export-marketing/.superpowers/brainstorm/8529-1775996847/content/design-overview-v6.html"}
{"type":"screen-added","file":"/Users/hajaejun/Desktop/export-marketing/.superpowers/brainstorm/8529-1775996847/content/design-overview-v7.html"}
{"type":"screen-added","file":"/Users/hajaejun/Desktop/export-marketing/.superpowers/brainstorm/8529-1775996847/content/design-overview-v8.html"}
{"type":"screen-updated","file":"/Users/hajaejun/Desktop/export-marketing/.superpowers/brainstorm/8529-1775996847/content/design-overview-v8.html"}
{"type":"screen-updated","file":"/Users/hajaejun/Desktop/export-marketing/.superpowers/brainstorm/8529-1775996847/content/design-overview-v8.html"}
{"type":"screen-added","file":"/Users/hajaejun/Desktop/export-marketing/.superpowers/brainstorm/8529-1775996847/content/design-overview-v9.html"}
{"type":"screen-updated","file":"/Users/hajaejun/Desktop/export-marketing/.superpowers/brainstorm/8529-1775996847/content/design-overview-v9.html"}
{"type":"screen-updated","file":"/Users/hajaejun/Desktop/export-marketing/.superpowers/brainstorm/8529-1775996847/content/design-overview-v9.html"}
{"type":"screen-added","file":"/Users/hajaejun/Desktop/export-marketing/.superpowers/brainstorm/8529-1775996847/content/design-overview-v10.html"}
{"type":"screen-updated","file":"/Users/hajaejun/Desktop/export-marketing/.superpowers/brainstorm/8529-1775996847/content/design-overview-v10.html"}
{"type":"screen-added","file":"/Users/hajaejun/Desktop/export-marketing/.superpowers/brainstorm/8529-1775996847/content/design-overview-v11.html"}
{"type":"screen-updated","file":"/Users/hajaejun/Desktop/export-marketing/.superpowers/brainstorm/8529-1775996847/content/design-overview-v11.html"}
{"type":"screen-updated","file":"/Users/hajaejun/Desktop/export-marketing/.superpowers/brainstorm/8529-1775996847/content/design-overview-v11.html"}
{"type":"screen-updated","file":"/Users/hajaejun/Desktop/export-marketing/.superpowers/brainstorm/8529-1775996847/content/design-overview-v11.html"}
{"type":"screen-updated","file":"/Users/hajaejun/Desktop/export-marketing/.superpowers/brainstorm/8529-1775996847/content/design-overview-v11.html"}
{"type":"screen-added","file":"/Users/hajaejun/Desktop/export-marketing/.superpowers/brainstorm/8529-1775996847/content/design-overview-v12.html"}
{"type":"screen-updated","file":"/Users/hajaejun/Desktop/export-marketing/.superpowers/brainstorm/8529-1775996847/content/design-overview-v12.html"}
{"type":"screen-added","file":"/Users/hajaejun/Desktop/export-marketing/.superpowers/brainstorm/8529-1775996847/content/design-overview-v13.html"}
{"type":"screen-updated","file":"/Users/hajaejun/Desktop/export-marketing/.superpowers/brainstorm/8529-1775996847/content/design-overview-v13.html"}
{"type":"screen-updated","file":"/Users/hajaejun/Desktop/export-marketing/.superpowers/brainstorm/8529-1775996847/content/design-overview-v13.html"}
{"type":"screen-updated","file":"/Users/hajaejun/Desktop/export-marketing/.superpowers/brainstorm/8529-1775996847/content/design-overview-v13.html"}
{"type":"screen-updated","file":"/Users/hajaejun/Desktop/export-marketing/.superpowers/brainstorm/8529-1775996847/content/design-overview-v13.html"}
{"type":"screen-updated","file":"/Users/hajaejun/Desktop/export-marketing/.superpowers/brainstorm/8529-1775996847/content/design-overview-v13.html"}
{"type":"screen-updated","file":"/Users/hajaejun/Desktop/export-marketing/.superpowers/brainstorm/8529-1775996847/content/design-overview-v13.html"}
{"type":"screen-updated","file":"/Users/hajaejun/Desktop/export-marketing/.superpowers/brainstorm/8529-1775996847/content/design-overview-v13.html"}
{"type":"screen-updated","file":"/Users/hajaejun/Desktop/export-marketing/.superpowers/brainstorm/8529-1775996847/content/design-overview-v13.html"}
{"type":"screen-updated","file":"/Users/hajaejun/Desktop/export-marketing/.superpowers/brainstorm/8529-1775996847/content/design-overview-v13.html"}
{"type":"screen-added","file":"/Users/hajaejun/Desktop/export-marketing/.superpowers/brainstorm/8529-1775996847/content/design-overview-v14.html"}
{"type":"screen-updated","file":"/Users/hajaejun/Desktop/export-marketing/.superpowers/brainstorm/8529-1775996847/content/design-overview-v14.html"}
{"type":"screen-added","file":"/Users/hajaejun/Desktop/export-marketing/.superpowers/brainstorm/8529-1775996847/content/design-overview-v15.html"}
{"type":"screen-updated","file":"/Users/hajaejun/Desktop/export-marketing/.superpowers/brainstorm/8529-1775996847/content/design-overview-v15.html"}
{"type":"screen-added","file":"/Users/hajaejun/Desktop/export-marketing/.superpowers/brainstorm/8529-1775996847/content/design-overview-v16.html"}
{"type":"screen-updated","file":"/Users/hajaejun/Desktop/export-marketing/.superpowers/brainstorm/8529-1775996847/content/design-overview-v16.html"}
{"type":"screen-updated","file":"/Users/hajaejun/Desktop/export-marketing/.superpowers/brainstorm/8529-1775996847/content/design-overview-v16.html"}
{"type":"screen-added","file":"/Users/hajaejun/Desktop/export-marketing/.superpowers/brainstorm/8529-1775996847/content/design-overview-v17.html"}
{"type":"screen-added","file":"/Users/hajaejun/Desktop/export-marketing/.superpowers/brainstorm/8529-1775996847/content/mobile-mockup.html"}
{"type":"screen-added","file":"/Users/hajaejun/Desktop/export-marketing/.superpowers/brainstorm/8529-1775996847/content/mobile-mockup-v2.html"}
{"type":"screen-updated","file":"/Users/hajaejun/Desktop/export-marketing/.superpowers/brainstorm/8529-1775996847/content/mobile-mockup-v2.html"}
{"type":"screen-added","file":"/Users/hajaejun/Desktop/export-marketing/.superpowers/brainstorm/8529-1775996847/content/mobile-mockup-v3.html"}
{"type":"screen-added","file":"/Users/hajaejun/Desktop/export-marketing/.superpowers/brainstorm/8529-1775996847/content/auth-pages.html"}
{"type":"screen-updated","file":"/Users/hajaejun/Desktop/export-marketing/.superpowers/brainstorm/8529-1775996847/content/auth-pages.html"}
{"type":"screen-updated","file":"/Users/hajaejun/Desktop/export-marketing/.superpowers/brainstorm/8529-1775996847/content/auth-pages.html"}
{"type":"screen-added","file":"/Users/hajaejun/Desktop/export-marketing/.superpowers/brainstorm/8529-1775996847/content/auth-pages-v2.html"}
